<?xml version="1.0" encoding="UTF-8"?>
<!-- Generated by org.testng.reporters.JUnitReportReporter -->
<testsuite hostname="DESKTOP-LJUN8GS" failures="0" tests="4" name="logintestcases.Uicases" time="10.602" errors="0" timestamp="2023-04-17T16:15:51 EET" skipped="0">
  <testcase classname="logintestcases.Uicases" name="checkUIContentUserName" time="3.246"/>
  <system-out/>
  <testcase classname="logintestcases.Uicases" name="checkUIContentLoginBtn" time="1.952"/>
  <system-out/>
  <testcase classname="logintestcases.Uicases" name="checkUIContentPass" time="1.913"/>
  <system-out/>
  <testcase classname="logintestcases.Uicases" name="checkUIContent" time="3.491"/>
  <system-out/>
</testsuite> <!-- logintestcases.Uicases -->
