<?xml version="1.0" encoding="UTF-8"?>
<!-- Generated by org.testng.reporters.JUnitReportReporter -->
<testsuite hostname="DESKTOP-LJUN8GS" failures="0" tests="11" name="checkoutpreview.UI" time="31.912" errors="0" timestamp="2023-04-17T21:25:30 EET" skipped="0">
  <testcase classname="checkoutpreview.UI" name="checkUILogo" time="2.905"/>
  <system-out/>
  <testcase classname="checkoutpreview.UI" name="checkUILinkenInBtn" time="2.915"/>
  <system-out/>
  <testcase classname="checkoutpreview.UI" name="checkUIPriceAfterTax" time="2.841"/>
  <system-out/>
  <testcase classname="checkoutpreview.UI" name="checkUITax" time="2.883"/>
  <system-out/>
  <testcase classname="checkoutpreview.UI" name="checkUI" time="3.014"/>
  <system-out/>
  <testcase classname="checkoutpreview.UI" name="checkUIPriceBeforeTax" time="2.990"/>
  <system-out/>
  <testcase classname="checkoutpreview.UI" name="checkUICartContainer" time="2.842"/>
  <system-out/>
  <testcase classname="checkoutpreview.UI" name="checkUITwitterBtn" time="2.961"/>
  <system-out/>
  <testcase classname="checkoutpreview.UI" name="checkUIFacebookBtn" time="2.854"/>
  <system-out/>
  <testcase classname="checkoutpreview.UI" name="checkUIMenu" time="2.850"/>
  <system-out/>
  <testcase classname="checkoutpreview.UI" name="checkUIFinishBtn" time="2.857"/>
  <system-out/>
</testsuite> <!-- checkoutpreview.UI -->
