<?xml version="1.0" encoding="UTF-8"?>
<!-- Generated by org.testng.reporters.JUnitReportReporter -->
<testsuite hostname="DESKTOP-LJUN8GS" failures="0" tests="11" name="checkout.UI" time="32.531" errors="0" timestamp="2023-04-17T21:25:30 EET" skipped="0">
  <testcase classname="checkout.UI" name="checkUILinkedInBtn" time="2.853"/>
  <system-out/>
  <testcase classname="checkout.UI" name="checkUIContinueBtn" time="3.626"/>
  <system-out/>
  <testcase classname="checkout.UI" name="checkUITwitterBtn" time="3.882"/>
  <system-out/>
  <testcase classname="checkout.UI" name="checkUIFaceBookBtn" time="2.803"/>
  <system-out/>
  <testcase classname="checkout.UI" name="checkUIFirstNameField" time="2.795"/>
  <system-out/>
  <testcase classname="checkout.UI" name="checkUIPostalCode" time="2.739"/>
  <system-out/>
  <testcase classname="checkout.UI" name="checkUIMenuBtn" time="2.770"/>
  <system-out/>
  <testcase classname="checkout.UI" name="checkUILastName" time="2.730"/>
  <system-out/>
  <testcase classname="checkout.UI" name="checkUILogo" time="2.790"/>
  <system-out/>
  <testcase classname="checkout.UI" name="checkUICancelBtn" time="2.898"/>
  <system-out/>
  <testcase classname="checkout.UI" name="checkUICartContainer" time="2.645"/>
  <system-out/>
</testsuite> <!-- checkout.UI -->
