<?xml version="1.0" encoding="UTF-8"?>
<!-- Generated by org.testng.reporters.JUnitReportReporter -->
<testsuite hostname="DESKTOP-LJUN8GS" failures="0" tests="3" name="carttestcases.Functional" time="9.244" errors="0" timestamp="2023-04-17T21:25:30 EET" skipped="0">
  <testcase classname="carttestcases.Functional" name="testRemoveBtn" time="3.774"/>
  <system-out/>
  <testcase classname="carttestcases.Functional" name="testChecOutBbtn" time="2.709"/>
  <system-out/>
  <testcase classname="carttestcases.Functional" name="testContinueShoppingBtn" time="2.761"/>
  <system-out/>
</testsuite> <!-- carttestcases.Functional -->
