<?xml version="1.0" encoding="UTF-8"?>
<!-- Generated by org.testng.reporters.JUnitReportReporter -->
<testsuite hostname="DESKTOP-LJUN8GS" failures="0" tests="18" name="productstestcases.UI" time="41.262" errors="0" timestamp="2023-04-17T21:25:30 EET" skipped="0">
  <testcase classname="productstestcases.UI" name="checkUIContentPriceTag" time="2.482"/>
  <system-out/>
  <testcase classname="productstestcases.UI" name="checkProductItemsUITwitter" time="2.218"/>
  <system-out/>
  <testcase classname="productstestcases.UI" name="checkUIContent" time="2.179"/>
  <system-out/>
  <testcase classname="productstestcases.UI" name="checkProductItemsUIImg" time="2.213"/>
  <system-out/>
  <testcase classname="productstestcases.UI" name="checkProductItemsUIFaceBookBtn" time="3.879"/>
  <system-out/>
  <testcase classname="productstestcases.UI" name="checkUIContentCart" time="2.079"/>
  <system-out/>
  <testcase classname="productstestcases.UI" name="checkProductItemsUICart" time="2.174"/>
  <system-out/>
  <testcase classname="productstestcases.UI" name="checkProductItemsUIPriceTag" time="2.197"/>
  <system-out/>
  <testcase classname="productstestcases.UI" name="checkUIContentMenu" time="2.156"/>
  <system-out/>
  <testcase classname="productstestcases.UI" name="checkUIContentTwitterBtn" time="2.289"/>
  <system-out/>
  <testcase classname="productstestcases.UI" name="checkUIContentLinkedInBtn" time="2.274"/>
  <system-out/>
  <testcase classname="productstestcases.UI" name="checkUIContentFaceBookBtn" time="2.175"/>
  <system-out/>
  <testcase classname="productstestcases.UI" name="checkProductItemsUILinkedInBtn" time="2.207"/>
  <system-out/>
  <testcase classname="productstestcases.UI" name="checkUIContentFilter" time="2.093"/>
  <system-out/>
  <testcase classname="productstestcases.UI" name="checkProductItemsUIBackBtn" time="2.205"/>
  <system-out/>
  <testcase classname="productstestcases.UI" name="checkUIContentProducts" time="2.087"/>
  <system-out/>
  <testcase classname="productstestcases.UI" name="checkProductItemsUIMenu" time="2.152"/>
  <system-out/>
  <testcase classname="productstestcases.UI" name="checkProductItemsUI" time="2.203"/>
  <system-out/>
</testsuite> <!-- productstestcases.UI -->
