<?xml version="1.0" encoding="UTF-8"?>
<!-- Generated by org.testng.reporters.JUnitReportReporter -->
<testsuite hostname="DESKTOP-LJUN8GS" failures="0" tests="10" name="completeCheckout.UI" time="29.491" errors="0" timestamp="2023-04-17T21:25:30 EET" skipped="0">
  <testcase classname="completeCheckout.UI" name="checkUICompleteContainer" time="2.931"/>
  <system-out/>
  <testcase classname="completeCheckout.UI" name="checkUIMenuBtn" time="2.925"/>
  <system-out/>
  <testcase classname="completeCheckout.UI" name="checkUI" time="2.927"/>
  <system-out/>
  <testcase classname="completeCheckout.UI" name="checkUICompletionText" time="2.938"/>
  <system-out/>
  <testcase classname="completeCheckout.UI" name="checkUICart" time="3.008"/>
  <system-out/>
  <testcase classname="completeCheckout.UI" name="checkUICompletionImg" time="2.964"/>
  <system-out/>
  <testcase classname="completeCheckout.UI" name="checkUITwitterBtn" time="3.002"/>
  <system-out/>
  <testcase classname="completeCheckout.UI" name="checkUILogo" time="2.891"/>
  <system-out/>
  <testcase classname="completeCheckout.UI" name="checkUIFaceBookBtn" time="2.918"/>
  <system-out/>
  <testcase classname="completeCheckout.UI" name="checkUILinkedInBtn" time="2.987"/>
  <system-out/>
</testsuite> <!-- completeCheckout.UI -->
