<?xml version="1.0" encoding="UTF-8"?>
<!-- Generated by org.testng.reporters.JUnitReportReporter -->
<testsuite hostname="DESKTOP-LJUN8GS" failures="0" tests="1" name="base.setup_driver" time="1.781" errors="0" timestamp="2023-04-05T18:20:35 EET" skipped="0">
  <testcase classname="base.setup_driver" name="lodgin" time="1.781"/>
  <system-out/>
</testsuite> <!-- base.setup_driver -->
