<?xml version="1.0" encoding="UTF-8"?>
<!-- Generated by org.testng.reporters.JUnitReportReporter -->
<testsuite hostname="DESKTOP-LJUN8GS" failures="0" tests="1" name="page_objects.sign_in_page" time="1.034" errors="0" timestamp="2023-04-09T16:42:24 EET" skipped="0">
  <testcase classname="page_objects.sign_in_page" name="navigate" time="1.034"/>
  <system-out/>
</testsuite> <!-- page_objects.sign_in_page -->
