<?xml version="1.0" encoding="UTF-8"?>
<!-- Generated by org.testng.reporters.JUnitReportReporter -->
<testsuite hostname="DESKTOP-LJUN8GS" failures="0" tests="7" name="productstestcases.Functional" time="16.796" errors="0" timestamp="2023-04-17T21:25:30 EET" skipped="0">
  <testcase classname="productstestcases.Functional" name="filterPriceHighToLow" time="2.273"/>
  <system-out/>
  <testcase classname="productstestcases.Functional" name="filternames_ZA" time="2.222"/>
  <system-out/>
  <testcase classname="productstestcases.Functional" name="filterPriceLowToHigh" time="2.258"/>
  <system-out/>
  <testcase classname="productstestcases.Functional" name="productAddToCart" time="2.413"/>
  <system-out/>
  <testcase classname="productstestcases.Functional" name="filternames_AZ" time="2.286"/>
  <system-out/>
  <testcase classname="productstestcases.Functional" name="checkaddtocart" time="2.841"/>
  <system-out/>
  <testcase classname="productstestcases.Functional" name="productClick" time="2.503"/>
  <system-out/>
</testsuite> <!-- productstestcases.Functional -->
