<?xml version="1.0" encoding="UTF-8"?>
<!-- Generated by org.testng.reporters.JUnitReportReporter -->
<testsuite hostname="DESKTOP-LJUN8GS" failures="0" tests="1" name="login_testcases.TS_02_valid_login" time="0.239" errors="0" timestamp="2023-04-06T07:19:57 EET" skipped="0">
  <testcase classname="login_testcases.TS_02_valid_login" name="login" time="0.239"/>
  <system-out/>
</testsuite> <!-- login_testcases.TS_02_valid_login -->
