<?xml version="1.0" encoding="UTF-8"?>
<!-- Generated by org.testng.reporters.JUnitReportReporter -->
<testsuite hostname="DESKTOP-LJUN8GS" failures="0" tests="1" name="completeCheckout.Functional" time="3.940" errors="0" timestamp="2023-04-17T21:25:30 EET" skipped="0">
  <testcase classname="completeCheckout.Functional" name="pressBackBtn" time="3.940"/>
  <system-out/>
</testsuite> <!-- completeCheckout.Functional -->
