<?xml version="1.0" encoding="UTF-8"?>
<!-- Generated by org.testng.reporters.JUnitReportReporter -->
<testsuite hostname="DESKTOP-LJUN8GS" failures="0" tests="2" name="checkout.Functional" time="5.894" errors="0" timestamp="2023-04-17T21:25:30 EET" skipped="0">
  <testcase classname="checkout.Functional" name="press_cancelButton" time="3.006"/>
  <system-out/>
  <testcase classname="checkout.Functional" name="press_continue" time="2.888"/>
  <system-out/>
</testsuite> <!-- checkout.Functional -->
