<?xml version="1.0" encoding="UTF-8"?>
<!-- Generated by org.testng.reporters.JUnitReportReporter -->
<testsuite hostname="DESKTOP-LJUN8GS" failures="0" tests="4" name="menu.Functional" time="19.144" errors="0" timestamp="2023-04-17T21:25:30 EET" skipped="0">
  <testcase classname="menu.Functional" name="pressAllItems" time="2.953"/>
  <system-out/>
  <testcase classname="menu.Functional" name="pressAbout" time="9.794"/>
  <system-out/>
  <testcase classname="menu.Functional" name="pressLogOut" time="3.033"/>
  <system-out/>
  <testcase classname="menu.Functional" name="pressResetAppState" time="3.364"/>
  <system-out/>
</testsuite> <!-- menu.Functional -->
