<?xml version="1.0" encoding="UTF-8"?>
<!-- Generated by org.testng.reporters.JUnitReportReporter -->
<testsuite hostname="DESKTOP-LJUN8GS" failures="0" tests="2" name="testcases_UI.test" time="5.349" errors="0" timestamp="2023-04-05T22:23:11 EET" skipped="0">
  <testcase classname="testcases_UI.test" name="login" time="3.205"/>
  <system-out/>
  <testcase classname="testcases_UI.test" name="login" time="2.144"/>
  <system-out/>
</testsuite> <!-- testcases_UI.test -->
