<?xml version="1.0" encoding="UTF-8"?>
<!-- Generated by org.testng.reporters.JUnitReportReporter -->
<testsuite hostname="DESKTOP-LJUN8GS" failures="0" tests="1" name="productstestcases.UITestCases" time="3.576" errors="0" timestamp="2023-04-17T18:08:04 EET" skipped="0">
  <testcase classname="productstestcases.UITestCases" name="checkMenuSidebarAllItemsLink" time="3.576"/>
  <system-out/>
</testsuite> <!-- productstestcases.UITestCases -->
