<?xml version="1.0" encoding="UTF-8"?>
<!-- Generated by org.testng.reporters.JUnitReportReporter -->
<testsuite hostname="DESKTOP-LJUN8GS" failures="0" tests="7" name="logintestcases.Functioncases" time="16.679" errors="0" timestamp="2023-04-17T16:15:51 EET" skipped="0">
  <testcase classname="logintestcases.Functioncases" name="invalidLogin" time="2.121"/>
  <system-out/>
  <testcase classname="logintestcases.Functioncases" name="invalidLogin" time="2.117"/>
  <system-out/>
  <testcase classname="logintestcases.Functioncases" name="checkSessionWhenPressBack" time="3.319"/>
  <system-out/>
  <testcase classname="logintestcases.Functioncases" name="invalidLogin" time="2.519"/>
  <system-out/>
  <testcase classname="logintestcases.Functioncases" name="invalidLogin" time="2.192"/>
  <system-out/>
  <testcase classname="logintestcases.Functioncases" name="validLogin" time="2.279"/>
  <system-out/>
  <testcase classname="logintestcases.Functioncases" name="invalidLogin" time="2.132"/>
  <system-out/>
</testsuite> <!-- logintestcases.Functioncases -->
