<?xml version="1.0" encoding="UTF-8"?>
<!-- Generated by org.testng.reporters.JUnitReportReporter -->
<testsuite hostname="DESKTOP-LJUN8GS" failures="0" tests="5" name="menu.UI" time="12.842" errors="0" timestamp="2023-04-17T21:25:30 EET" skipped="0">
  <testcase classname="menu.UI" name="checkMenuSidebarAboutLink" time="2.772"/>
  <system-out/>
  <testcase classname="menu.UI" name="checkStateResetLink" time="2.635"/>
  <system-out/>
  <testcase classname="menu.UI" name="checkMenuSidebarAllItemsLink" time="2.622"/>
  <system-out/>
  <testcase classname="menu.UI" name="checkLogOut" time="2.671"/>
  <system-out/>
  <testcase classname="menu.UI" name="checkmenusidebar" time="2.142"/>
  <system-out/>
</testsuite> <!-- menu.UI -->
