<?xml version="1.0" encoding="UTF-8"?>
<!-- Generated by org.testng.reporters.JUnitReportReporter -->
<testsuite hostname="DESKTOP-LJUN8GS" failures="0" tests="1" name="check_out_preview.functional" time="2.164" errors="0" timestamp="2023-04-15T23:28:48 EET" skipped="0">
  <testcase classname="check_out_preview.functional" name="ordering" time="2.164"/>
  <system-out/>
</testsuite> <!-- check_out_preview.functional -->
