<?xml version="1.0" encoding="UTF-8"?>
<!-- Generated by org.testng.reporters.JUnitReportReporter -->
<testsuite hostname="DESKTOP-LJUN8GS" failures="0" tests="4" name="login_testcases.TS_03_invalid_logins" time="0.654" errors="0" timestamp="2023-04-06T07:19:57 EET" skipped="0">
  <testcase classname="login_testcases.TS_03_invalid_logins" name="login" time="0.154"/>
  <system-out/>
  <testcase classname="login_testcases.TS_03_invalid_logins" name="login" time="0.155"/>
  <system-out/>
  <testcase classname="login_testcases.TS_03_invalid_logins" name="login" time="0.160"/>
  <system-out/>
  <testcase classname="login_testcases.TS_03_invalid_logins" name="login" time="0.185"/>
  <system-out/>
</testsuite> <!-- login_testcases.TS_03_invalid_logins -->
