<?xml version="1.0" encoding="UTF-8"?>
<!-- Generated by org.testng.reporters.JUnitReportReporter -->
<testsuite hostname="DESKTOP-LJUN8GS" failures="0" tests="2" name="checkoutpreview.Functional" time="5.923" errors="0" timestamp="2023-04-17T21:25:30 EET" skipped="0">
  <testcase classname="checkoutpreview.Functional" name="cancelling" time="3.005"/>
  <system-out/>
  <testcase classname="checkoutpreview.Functional" name="ordering" time="2.918"/>
  <system-out/>
</testsuite> <!-- checkoutpreview.Functional -->
