<?xml version="1.0" encoding="UTF-8"?>
<!-- Generated by org.testng.reporters.JUnitReportReporter -->
<testsuite hostname="DESKTOP-LJUN8GS" failures="0" tests="4" name="logintestcases.UI" time="10.195" errors="0" timestamp="2023-04-17T21:25:30 EET" skipped="0">
  <testcase classname="logintestcases.UI" name="checkUIContent" time="2.824"/>
  <system-out/>
  <testcase classname="logintestcases.UI" name="checkUIContentLoginBtn" time="3.432"/>
  <system-out/>
  <testcase classname="logintestcases.UI" name="checkUIContentPass" time="1.812"/>
  <system-out/>
  <testcase classname="logintestcases.UI" name="checkUIContentUserName" time="2.127"/>
  <system-out/>
</testsuite> <!-- logintestcases.UI -->
