<?xml version="1.0" encoding="UTF-8"?>
<!-- Generated by org.testng.reporters.JUnitReportReporter -->
<testsuite hostname="DESKTOP-LJUN8GS" failures="0" tests="1" name="pageobjects.CartPage" time="27.134" errors="0" timestamp="2023-04-17T15:21:55 EET" skipped="0">
  <testcase classname="pageobjects.CartPage" name="cartNavigationWithoutItemds" time="27.134"/>
  <system-out/>
</testsuite> <!-- pageobjects.CartPage -->
