<?xml version="1.0" encoding="UTF-8"?>
<!-- Generated by org.testng.reporters.JUnitReportReporter -->
<testsuite hostname="DESKTOP-LJUN8GS" failures="0" tests="14" name="carttestcases.UI" time="36.881" errors="0" timestamp="2023-04-17T21:25:30 EET" skipped="0">
  <testcase classname="carttestcases.UI" name="checkCartUIRemoveBtnWithoutItems" time="2.833"/>
  <system-out/>
  <testcase classname="carttestcases.UI" name="checkCartUIProducts" time="2.693"/>
  <system-out/>
  <testcase classname="carttestcases.UI" name="checkCartUIPriceTags" time="2.840"/>
  <system-out/>
  <testcase classname="carttestcases.UI" name="checkCartUILinkedinBtn" time="2.792"/>
  <system-out/>
  <testcase classname="carttestcases.UI" name="checkCartUIRemoveBtn" time="2.716"/>
  <system-out/>
  <testcase classname="carttestcases.UI" name="checkCartUICheckoutBtn" time="2.718"/>
  <system-out/>
  <testcase classname="carttestcases.UI" name="checkCartUICartQuantityWithoutItems" time="2.212"/>
  <system-out/>
  <testcase classname="carttestcases.UI" name="checkCartUIMenuBtn" time="2.718"/>
  <system-out/>
  <testcase classname="carttestcases.UI" name="checkCartUIPriceTagsWithoutItems" time="2.161"/>
  <system-out/>
  <testcase classname="carttestcases.UI" name="checkCartUIFacebookBtn" time="2.851"/>
  <system-out/>
  <testcase classname="carttestcases.UI" name="checkCartUITwitterBtn" time="2.743"/>
  <system-out/>
  <testcase classname="carttestcases.UI" name="checkCartUICartQuantity" time="2.649"/>
  <system-out/>
  <testcase classname="carttestcases.UI" name="checkCartUIContinuseBtn" time="2.772"/>
  <system-out/>
  <testcase classname="carttestcases.UI" name="checkCartUIProductsWithoutItems" time="2.183"/>
  <system-out/>
</testsuite> <!-- carttestcases.UI -->
