<?xml version="1.0" encoding="UTF-8"?>
<!-- Generated by org.testng.reporters.JUnitReportReporter -->
<testsuite hostname="DESKTOP-LJUN8GS" failures="0" tests="7" name="logintestcases.Functional" time="15.283" errors="0" timestamp="2023-04-17T21:25:30 EET" skipped="0">
  <testcase classname="logintestcases.Functional" name="validLogin" time="2.100"/>
  <system-out/>
  <testcase classname="logintestcases.Functional" name="invalidLogin" time="2.199"/>
  <system-out/>
  <testcase classname="logintestcases.Functional" name="checkSessionWhenPressBack" time="2.155"/>
  <system-out/>
  <testcase classname="logintestcases.Functional" name="invalidLogin" time="2.247"/>
  <system-out/>
  <testcase classname="logintestcases.Functional" name="invalidLogin" time="2.263"/>
  <system-out/>
  <testcase classname="logintestcases.Functional" name="invalidLogin" time="2.155"/>
  <system-out/>
  <testcase classname="logintestcases.Functional" name="invalidLogin" time="2.164"/>
  <system-out/>
</testsuite> <!-- logintestcases.Functional -->
