<?xml version="1.0" encoding="UTF-8"?>
<!-- Generated by org.testng.reporters.JUnitReportReporter -->
<testsuite hostname="DESKTOP-LJUN8GS" failures="0" tests="1" name="base.SetupDriver" time="1.088" errors="0" timestamp="2023-04-09T15:18:26 EET" skipped="0">
  <testcase classname="base.SetupDriver" name="navigate" time="1.088"/>
  <system-out/>
</testsuite> <!-- base.SetupDriver -->
